Build started 14/10/2018 10:18:32.
     1>Project "C:\Users\dell\Documents\Visual Studio 2013\Projects\CI\ConsoleApplication4\ConsoleApplication4.vcxproj" on node 2 (Build target(s)).
     1>C:\Program Files (x86)\MSBuild\Microsoft.Cpp\v4.0\V120\Microsoft.CppBuild.targets(388,5): warning MSB8028: The intermediate directory (Debug\) contains files shared from another project (ConsoleApplication4.vcxproj).  This can lead to incorrect clean and rebuild behavior.
     1>ClCompile:
         C:\Program Files (x86)\Microsoft Visual Studio 12.0\VC\bin\CL.exe /c /ZI /nologo /W3 /WX- /sdl /Od /Oy- /D WIN32 /D _DEBUG /D _CONSOLE /D _LIB /D _UNICODE /D UNICODE /Gm /EHsc /RTC1 /MDd /GS /fp:precise /Zc:wchar_t /Zc:forScope /Yu"stdafx.h" /Fp"Debug\CI.pch" /Fo"Debug\\" /Fd"Debug\vc120.pdb" /Gd /TP /analyze- /errorReport:prompt CI.cpp
         CI.cpp
     1>c:\users\dell\documents\visual studio 2013\projects\ci\consoleapplication4\ci.cpp(1): warning C4627: '#include <iostream>': skipped when looking for precompiled header use
                 Add directive to 'stdafx.h' or rebuild precompiled header
     1>c:\users\dell\documents\visual studio 2013\projects\ci\consoleapplication4\ci.cpp(2): warning C4627: '#include <string>': skipped when looking for precompiled header use
                 Add directive to 'stdafx.h' or rebuild precompiled header
     1>c:\program files (x86)\microsoft visual studio 12.0\vc\include\texturebuilder.h(27): warning C4244: 'argument' : conversion from 'int' to 'GLfloat', possible loss of data
     1>c:\program files (x86)\microsoft visual studio 12.0\vc\include\texturebuilder.h(28): warning C4244: 'argument' : conversion from 'int' to 'GLfloat', possible loss of data
     1>c:\users\dell\documents\visual studio 2013\projects\ci\consoleapplication4\ci.cpp(108): warning C4172: returning address of local variable or temporary
       Link:
         C:\Program Files (x86)\Microsoft Visual Studio 12.0\VC\bin\link.exe /ERRORREPORT:PROMPT /OUT:"C:\Users\dell\Documents\Visual Studio 2013\Projects\CI\Debug\CI.exe" /INCREMENTAL /NOLOGO kernel32.lib user32.lib gdi32.lib winspool.lib comdlg32.lib advapi32.lib shell32.lib ole32.lib oleaut32.lib uuid.lib odbc32.lib odbccp32.lib kernel32.lib user32.lib gdi32.lib winspool.lib comdlg32.lib advapi32.lib shell32.lib ole32.lib oleaut32.lib uuid.lib odbc32.lib odbccp32.lib /MANIFEST /MANIFESTUAC:"level='asInvoker' uiAccess='false'" /manifest:embed /DEBUG /PDB:"C:\Users\dell\Documents\Visual Studio 2013\Projects\CI\Debug\CI.pdb" /SUBSYSTEM:CONSOLE /TLBID:1 /DYNAMICBASE /NXCOMPAT /IMPLIB:"C:\Users\dell\Documents\Visual Studio 2013\Projects\CI\Debug\CI.lib" /MACHINE:X86 Debug\CI.obj
         Debug\colors.obj
         Debug\stdafx.obj
     1>LINK : warning LNK4067: ambiguous entry point; selected 'mainCRTStartup'
         ConsoleApplication4.vcxproj -> C:\Users\dell\Documents\Visual Studio 2013\Projects\CI\Debug\CI.exe
     1>Done Building Project "C:\Users\dell\Documents\Visual Studio 2013\Projects\CI\ConsoleApplication4\ConsoleApplication4.vcxproj" (Build target(s)).

Build succeeded.

Time Elapsed 00:00:02.06
